This file contains any messages produced by compilers while
running configure, to aid debugging if configure makes a mistake.

It was created by configure, which was
generated by GNU Autoconf 2.59.  Invocation command line was

  $ ./configure 

## --------- ##
## Platform. ##
## --------- ##

hostname = lxadm10.cern.ch
uname -m = x86_64
uname -r = 2.6.18-308.16.1.el5
uname -s = Linux
uname -v = #1 SMP Thu Oct 4 14:02:28 CEST 2012

/usr/bin/uname -p = unknown
/bin/uname -X     = unknown

/bin/arch              = x86_64
/usr/bin/arch -k       = unknown
/usr/convex/getsysinfo = unknown
hostinfo               = unknown
/bin/machine           = unknown
/usr/bin/oslevel       = unknown
/bin/universe          = unknown

PATH: /afs/cern.ch/user/u/uschwick/apache-maven-2.2.1/bin
PATH: /afs/cern.ch/user/u/uschwick/bin
PATH: /afs/cern.ch/user/u/uschwick/scripts
PATH: /usr/sue/bin
PATH: /afs/cern.ch/group/c3/bin
PATH: /usr/local/bin
PATH: /usr/local/bin/X11
PATH: /usr/bin
PATH: /bin
PATH: /usr/bin/X11
PATH: /cern/pro/bin
PATH: /usr/kerberos/bin
PATH: /afs/cern.ch/project/oracle/script
PATH: /afs/cern.ch/project/oracle/@sys/prod/bin
PATH: /afs/cern.ch/user/u/uschwick/bin
PATH: ./
PATH: /usr/bin/mpirun
PATH: /usr/sbin
PATH: /sbin


## ----------- ##
## Core tests. ##
## ----------- ##

configure:1300: checking for a BSD-compatible install
configure:1355: result: /usr/bin/install -c
configure:1366: checking whether build environment is sane
configure:1409: result: yes
configure:1474: checking for gawk
configure:1490: found /usr/bin/gawk
configure:1500: result: gawk
configure:1510: checking whether make sets $(MAKE)
configure:1530: result: yes
configure:1744: checking for gcc
configure:1760: found /usr/bin/gcc
configure:1770: result: gcc
configure:2014: checking for C compiler version
configure:2017: gcc --version </dev/null >&5
gcc (GCC) 4.1.2 20080704 (Red Hat 4.1.2-52)
Copyright (C) 2006 Free Software Foundation, Inc.
This is free software; see the source for copying conditions.  There is NO
warranty; not even for MERCHANTABILITY or FITNESS FOR A PARTICULAR PURPOSE.

configure:2020: $? = 0
configure:2022: gcc -v </dev/null >&5
Using built-in specs.
Target: x86_64-redhat-linux
Configured with: ../configure --prefix=/usr --mandir=/usr/share/man --infodir=/usr/share/info --enable-shared --enable-threads=posix --enable-checking=release --with-system-zlib --enable-__cxa_atexit --disable-libunwind-exceptions --enable-libgcj-multifile --enable-languages=c,c++,objc,obj-c++,java,fortran,ada --enable-java-awt=gtk --disable-dssi --disable-plugin --with-java-home=/usr/lib/jvm/java-1.4.2-gcj-1.4.2.0/jre --with-cpu=generic --host=x86_64-redhat-linux
Thread model: posix
gcc version 4.1.2 20080704 (Red Hat 4.1.2-52)
configure:2025: $? = 0
configure:2027: gcc -V </dev/null >&5
gcc: '-V' option must have argument
configure:2030: $? = 1
configure:2053: checking for C compiler default output file name
configure:2056: gcc    conftest.c  >&5
configure:2059: $? = 0
configure:2105: result: a.out
configure:2110: checking whether the C compiler works
configure:2116: ./a.out
configure:2119: $? = 0
configure:2136: result: yes
configure:2143: checking whether we are cross compiling
configure:2145: result: no
configure:2148: checking for suffix of executables
configure:2150: gcc -o conftest    conftest.c  >&5
configure:2153: $? = 0
configure:2178: result: 
configure:2184: checking for suffix of object files
configure:2205: gcc -c   conftest.c >&5
configure:2208: $? = 0
configure:2230: result: o
configure:2234: checking whether we are using the GNU C compiler
configure:2258: gcc -c   conftest.c >&5
configure:2264: $? = 0
configure:2268: test -z 
			 || test ! -s conftest.err
configure:2271: $? = 0
configure:2274: test -s conftest.o
configure:2277: $? = 0
configure:2290: result: yes
configure:2296: checking whether gcc accepts -g
configure:2317: gcc -c -g  conftest.c >&5
configure:2323: $? = 0
configure:2327: test -z 
			 || test ! -s conftest.err
configure:2330: $? = 0
configure:2333: test -s conftest.o
configure:2336: $? = 0
configure:2347: result: yes
configure:2364: checking for gcc option to accept ANSI C
configure:2434: gcc  -c -g -O2  conftest.c >&5
configure:2440: $? = 0
configure:2444: test -z 
			 || test ! -s conftest.err
configure:2447: $? = 0
configure:2450: test -s conftest.o
configure:2453: $? = 0
configure:2471: result: none needed
configure:2489: gcc -c -g -O2  conftest.c >&5
conftest.c:2: error: expected '=', ',', ';', 'asm' or '__attribute__' before 'me'
configure:2495: $? = 1
configure: failed program was:
| #ifndef __cplusplus
|   choke me
| #endif
configure:2639: checking for style of include used by make
configure:2667: result: GNU
configure:2695: checking dependency style of gcc
configure:2785: result: none
configure:2809: checking how to run the C preprocessor
configure:2844: gcc -E  conftest.c
configure:2850: $? = 0
configure:2882: gcc -E  conftest.c
conftest.c:11:28: error: ac_nonexistent.h: No such file or directory
configure:2888: $? = 1
configure: failed program was:
| /* confdefs.h.  */
| 
| #define PACKAGE_NAME ""
| #define PACKAGE_TARNAME ""
| #define PACKAGE_VERSION ""
| #define PACKAGE_STRING ""
| #define PACKAGE_BUGREPORT ""
| #define PACKAGE "info-dynamic-lsf"
| #define VERSION "2.1.0"
| /* end confdefs.h.  */
| #include <ac_nonexistent.h>
configure:2927: result: gcc -E
configure:2951: gcc -E  conftest.c
configure:2957: $? = 0
configure:2989: gcc -E  conftest.c
conftest.c:11:28: error: ac_nonexistent.h: No such file or directory
configure:2995: $? = 1
configure: failed program was:
| /* confdefs.h.  */
| 
| #define PACKAGE_NAME ""
| #define PACKAGE_TARNAME ""
| #define PACKAGE_VERSION ""
| #define PACKAGE_STRING ""
| #define PACKAGE_BUGREPORT ""
| #define PACKAGE "info-dynamic-lsf"
| #define VERSION "2.1.0"
| /* end confdefs.h.  */
| #include <ac_nonexistent.h>
configure:3039: checking for egrep
configure:3049: result: grep -E
configure:3054: checking for ANSI C header files
configure:3079: gcc -c -g -O2 -Wall -Werror   conftest.c >&5
configure:3085: $? = 0
configure:3089: test -z 
			 || test ! -s conftest.err
configure:3092: $? = 0
configure:3095: test -s conftest.o
configure:3098: $? = 0
configure:3187: gcc -o conftest -g -O2 -Wall -Werror    conftest.c  >&5
cc1: warnings being treated as errors
conftest.c: In function 'main':
conftest.c:28: warning: implicit declaration of function 'exit'
conftest.c:28: warning: incompatible implicit declaration of built-in function 'exit'
configure:3190: $? = 1
configure: program exited with status 1
configure: failed program was:
| /* confdefs.h.  */
| 
| #define PACKAGE_NAME ""
| #define PACKAGE_TARNAME ""
| #define PACKAGE_VERSION ""
| #define PACKAGE_STRING ""
| #define PACKAGE_BUGREPORT ""
| #define PACKAGE "info-dynamic-lsf"
| #define VERSION "2.1.0"
| /* end confdefs.h.  */
| #include <ctype.h>
| #if ((' ' & 0x0FF) == 0x020)
| # define ISLOWER(c) ('a' <= (c) && (c) <= 'z')
| # define TOUPPER(c) (ISLOWER(c) ? 'A' + ((c) - 'a') : (c))
| #else
| # define ISLOWER(c) 		   (('a' <= (c) && (c) <= 'i') 		     || ('j' <= (c) && (c) <= 'r') 		     || ('s' <= (c) && (c) <= 'z'))
| # define TOUPPER(c) (ISLOWER(c) ? ((c) | 0x40) : (c))
| #endif
| 
| #define XOR(e, f) (((e) && !(f)) || (!(e) && (f)))
| int
| main ()
| {
|   int i;
|   for (i = 0; i < 256; i++)
|     if (XOR (islower (i), ISLOWER (i))
| 	|| toupper (i) != TOUPPER (i))
|       exit(2);
|   exit (0);
| }
configure:3210: result: no
configure:3361: creating ./config.status

## ---------------------- ##
## Running config.status. ##
## ---------------------- ##

This file was extended by config.status, which was
generated by GNU Autoconf 2.59.  Invocation command line was

  CONFIG_FILES    = 
  CONFIG_HEADERS  = 
  CONFIG_LINKS    = 
  CONFIG_COMMANDS = 
  $ ./config.status 

on lxadm10.cern.ch

config.status:685: creating Makefile
config.status:685: creating perl/Makefile
config.status:685: creating src/Makefile
config.status:685: creating doc/Makefile
config.status:685: creating man/Makefile
config.status:868: executing depfiles commands

## ---------------- ##
## Cache variables. ##
## ---------------- ##

ac_cv_c_compiler_gnu=yes
ac_cv_env_CC_set=
ac_cv_env_CC_value=
ac_cv_env_CFLAGS_set=
ac_cv_env_CFLAGS_value=
ac_cv_env_CPPFLAGS_set=
ac_cv_env_CPPFLAGS_value=
ac_cv_env_CPP_set=
ac_cv_env_CPP_value=
ac_cv_env_LDFLAGS_set=
ac_cv_env_LDFLAGS_value=
ac_cv_env_build_alias_set=
ac_cv_env_build_alias_value=
ac_cv_env_host_alias_set=
ac_cv_env_host_alias_value=
ac_cv_env_target_alias_set=
ac_cv_env_target_alias_value=
ac_cv_exeext=
ac_cv_header_stdc=no
ac_cv_objext=o
ac_cv_path_install='/usr/bin/install -c'
ac_cv_prog_AWK=gawk
ac_cv_prog_CPP='gcc -E'
ac_cv_prog_ac_ct_CC=gcc
ac_cv_prog_cc_g=yes
ac_cv_prog_cc_stdc=
ac_cv_prog_egrep='grep -E'
ac_cv_prog_make_make_set=yes
am_cv_CC_dependencies_compiler_type=none

## ----------------- ##
## Output variables. ##
## ----------------- ##

ACLOCAL='${SHELL} /afs/cern.ch/user/u/uschwick/cvs-glite/lcg-info/org.glite.info.dynamic-scheduler-lsf/missing --run aclocal-1.9'
AMDEPBACKSLASH='\'
AMDEP_FALSE='#'
AMDEP_TRUE=''
AMTAR='${SHELL} /afs/cern.ch/user/u/uschwick/cvs-glite/lcg-info/org.glite.info.dynamic-scheduler-lsf/missing --run tar'
AUTOCONF='${SHELL} /afs/cern.ch/user/u/uschwick/cvs-glite/lcg-info/org.glite.info.dynamic-scheduler-lsf/missing --run autoconf'
AUTOHEADER='${SHELL} /afs/cern.ch/user/u/uschwick/cvs-glite/lcg-info/org.glite.info.dynamic-scheduler-lsf/missing --run autoheader'
AUTOMAKE='${SHELL} /afs/cern.ch/user/u/uschwick/cvs-glite/lcg-info/org.glite.info.dynamic-scheduler-lsf/missing --run automake-1.9'
AWK='gawk'
CC='gcc'
CCDEPMODE='depmode=none'
CFLAGS='-g -O2 -Wall -Werror '
CPP='gcc -E'
CPPFLAGS=''
CYGPATH_W='echo'
DEFS='-DPACKAGE_NAME=\"\" -DPACKAGE_TARNAME=\"\" -DPACKAGE_VERSION=\"\" -DPACKAGE_STRING=\"\" -DPACKAGE_BUGREPORT=\"\" -DPACKAGE=\"info-dynamic-lsf\" -DVERSION=\"2.1.0\" '
DEPDIR='.deps'
ECHO_C=''
ECHO_N='-n'
ECHO_T=''
EGREP='grep -E'
EXEEXT=''
INSTALL_DATA='${INSTALL} -m 644'
INSTALL_PROGRAM='${INSTALL}'
INSTALL_SCRIPT='${INSTALL}'
INSTALL_STRIP_PROGRAM='${SHELL} $(install_sh) -c -s'
LDFLAGS=''
LIBOBJS=''
LIBS=''
LTLIBOBJS=''
MAKEINFO='${SHELL} /afs/cern.ch/user/u/uschwick/cvs-glite/lcg-info/org.glite.info.dynamic-scheduler-lsf/missing --run makeinfo'
OBJEXT='o'
PACKAGE='info-dynamic-lsf'
PACKAGE_BUGREPORT=''
PACKAGE_NAME=''
PACKAGE_STRING=''
PACKAGE_TARNAME=''
PACKAGE_VERSION=''
PATH_SEPARATOR=':'
SET_MAKE=''
SHELL='/bin/sh'
STRIP=''
VERSION='2.1.0'
ac_ct_CC='gcc'
ac_ct_STRIP=''
am__fastdepCC_FALSE=''
am__fastdepCC_TRUE='#'
am__include='include'
am__leading_dot='.'
am__quote=''
am__tar='${AMTAR} chof - "$$tardir"'
am__untar='${AMTAR} xf -'
bindir='${exec_prefix}/bin'
build_alias=''
datadir='${prefix}/share'
exec_prefix='${prefix}'
host_alias=''
includedir='${prefix}/include'
infodir='${prefix}/info'
install_sh='/afs/cern.ch/user/u/uschwick/cvs-glite/lcg-info/org.glite.info.dynamic-scheduler-lsf/install-sh'
libdir='${exec_prefix}/lib'
libexecdir='${exec_prefix}/libexec'
localstatedir='${prefix}/var'
mandir='${prefix}/man'
mkdir_p='mkdir -p --'
oldincludedir='/usr/include'
prefix='/usr/local'
program_transform_name='s,x,x,'
sbindir='${exec_prefix}/sbin'
sharedstatedir='${prefix}/com'
sysconfdir='${prefix}/etc'
target_alias=''

## ----------- ##
## confdefs.h. ##
## ----------- ##

#define PACKAGE "info-dynamic-lsf"
#define PACKAGE_BUGREPORT ""
#define PACKAGE_NAME ""
#define PACKAGE_STRING ""
#define PACKAGE_TARNAME ""
#define PACKAGE_VERSION ""
#define VERSION "2.1.0"

configure: exit 0

## ---------------------- ##
## Running config.status. ##
## ---------------------- ##

This file was extended by config.status, which was
generated by GNU Autoconf 2.59.  Invocation command line was

  CONFIG_FILES    = 
  CONFIG_HEADERS  = 
  CONFIG_LINKS    = 
  CONFIG_COMMANDS = 
  $ ./config.status Makefile

on lxadm10.cern.ch

config.status:685: creating Makefile

## ---------------------- ##
## Running config.status. ##
## ---------------------- ##

This file was extended by config.status, which was
generated by GNU Autoconf 2.59.  Invocation command line was

  CONFIG_FILES    = 
  CONFIG_HEADERS  = 
  CONFIG_LINKS    = 
  CONFIG_COMMANDS = 
  $ ./config.status Makefile

on lxadm10.cern.ch

config.status:685: creating Makefile

## ---------------------- ##
## Running config.status. ##
## ---------------------- ##

This file was extended by config.status, which was
generated by GNU Autoconf 2.59.  Invocation command line was

  CONFIG_FILES    = 
  CONFIG_HEADERS  = 
  CONFIG_LINKS    = 
  CONFIG_COMMANDS = 
  $ ./config.status Makefile

on lxadm10.cern.ch

config.status:685: creating Makefile

## ---------------------- ##
## Running config.status. ##
## ---------------------- ##

This file was extended by config.status, which was
generated by GNU Autoconf 2.59.  Invocation command line was

  CONFIG_FILES    = 
  CONFIG_HEADERS  = 
  CONFIG_LINKS    = 
  CONFIG_COMMANDS = 
  $ ./config.status Makefile

on lxadm10.cern.ch

config.status:685: creating Makefile

## ---------------------- ##
## Running config.status. ##
## ---------------------- ##

This file was extended by config.status, which was
generated by GNU Autoconf 2.59.  Invocation command line was

  CONFIG_FILES    = 
  CONFIG_HEADERS  = 
  CONFIG_LINKS    = 
  CONFIG_COMMANDS = 
  $ ./config.status Makefile

on lxadm10.cern.ch

config.status:685: creating Makefile

## ---------------------- ##
## Running config.status. ##
## ---------------------- ##

This file was extended by config.status, which was
generated by GNU Autoconf 2.59.  Invocation command line was

  CONFIG_FILES    = 
  CONFIG_HEADERS  = 
  CONFIG_LINKS    = 
  CONFIG_COMMANDS = 
  $ ./config.status Makefile

on lxadm10.cern.ch

config.status:685: creating Makefile

## ---------------------- ##
## Running config.status. ##
## ---------------------- ##

This file was extended by config.status, which was
generated by GNU Autoconf 2.59.  Invocation command line was

  CONFIG_FILES    = 
  CONFIG_HEADERS  = 
  CONFIG_LINKS    = 
  CONFIG_COMMANDS = 
  $ ./config.status doc/Makefile

on lxadm10.cern.ch

config.status:685: creating doc/Makefile
