This file contains any messages produced by compilers while
running configure, to aid debugging if configure makes a mistake.

It was created by btools configure 1.2.2, which was
generated by GNU Autoconf 2.59.  Invocation command line was

  $ ./configure 

## --------- ##
## Platform. ##
## --------- ##

hostname = lxadm11.cern.ch
uname -m = x86_64
uname -r = 2.6.18-238.1.1.el5
uname -s = Linux
uname -v = #1 SMP Wed Jan 19 11:06:36 CET 2011

/usr/bin/uname -p = unknown
/bin/uname -X     = unknown

/bin/arch              = x86_64
/usr/bin/arch -k       = unknown
/usr/convex/getsysinfo = unknown
hostinfo               = unknown
/bin/machine           = unknown
/usr/bin/oslevel       = unknown
/bin/universe          = unknown

PATH: /afs/cern.ch/user/u/uschwick/apache-maven-2.2.1/bin
PATH: /afs/cern.ch/user/u/uschwick/bin
PATH: /afs/cern.ch/user/u/uschwick/scripts
PATH: /usr/sue/bin
PATH: /afs/cern.ch/group/c3/bin
PATH: /usr/local/bin
PATH: /usr/local/bin/X11
PATH: /usr/bin
PATH: /bin
PATH: /usr/bin/X11
PATH: /cern/pro/bin
PATH: /usr/kerberos/bin
PATH: /afs/cern.ch/project/oracle/script
PATH: /afs/cern.ch/project/oracle/@sys/prod/bin
PATH: /afs/cern.ch/user/u/uschwick/bin
PATH: ./
PATH: /usr/bin/mpirun
PATH: /usr/sbin
PATH: /sbin


## ----------- ##
## Core tests. ##
## ----------- ##

configure:1350: checking for a BSD-compatible install
configure:1405: result: /usr/bin/install -c
configure:1416: checking whether build environment is sane
configure:1459: result: yes
configure:1524: checking for gawk
configure:1540: found /usr/bin/gawk
configure:1550: result: gawk
configure:1560: checking whether make sets $(MAKE)
configure:1580: result: yes
configure:1796: checking for gcc
configure:1812: found /usr/bin/gcc
configure:1822: result: gcc
configure:2066: checking for C compiler version
configure:2069: gcc --version </dev/null >&5
gcc (GCC) 4.1.2 20080704 (Red Hat 4.1.2-50)
Copyright (C) 2006 Free Software Foundation, Inc.
This is free software; see the source for copying conditions.  There is NO
warranty; not even for MERCHANTABILITY or FITNESS FOR A PARTICULAR PURPOSE.

configure:2072: $? = 0
configure:2074: gcc -v </dev/null >&5
Using built-in specs.
Target: x86_64-redhat-linux
Configured with: ../configure --prefix=/usr --mandir=/usr/share/man --infodir=/usr/share/info --enable-shared --enable-threads=posix --enable-checking=release --with-system-zlib --enable-__cxa_atexit --disable-libunwind-exceptions --enable-libgcj-multifile --enable-languages=c,c++,objc,obj-c++,java,fortran,ada --enable-java-awt=gtk --disable-dssi --disable-plugin --with-java-home=/usr/lib/jvm/java-1.4.2-gcj-1.4.2.0/jre --with-cpu=generic --host=x86_64-redhat-linux
Thread model: posix
gcc version 4.1.2 20080704 (Red Hat 4.1.2-50)
configure:2077: $? = 0
configure:2079: gcc -V </dev/null >&5
gcc: '-V' option must have argument
configure:2082: $? = 1
configure:2105: checking for C compiler default output file name
configure:2108: gcc    conftest.c  >&5
configure:2111: $? = 0
configure:2157: result: a.out
configure:2162: checking whether the C compiler works
configure:2168: ./a.out
configure:2171: $? = 0
configure:2188: result: yes
configure:2195: checking whether we are cross compiling
configure:2197: result: no
configure:2200: checking for suffix of executables
configure:2202: gcc -o conftest    conftest.c  >&5
configure:2205: $? = 0
configure:2230: result: 
configure:2236: checking for suffix of object files
configure:2257: gcc -c   conftest.c >&5
configure:2260: $? = 0
configure:2282: result: o
configure:2286: checking whether we are using the GNU C compiler
configure:2310: gcc -c   conftest.c >&5
configure:2316: $? = 0
configure:2320: test -z 
			 || test ! -s conftest.err
configure:2323: $? = 0
configure:2326: test -s conftest.o
configure:2329: $? = 0
configure:2342: result: yes
configure:2348: checking whether gcc accepts -g
configure:2369: gcc -c -g  conftest.c >&5
configure:2375: $? = 0
configure:2379: test -z 
			 || test ! -s conftest.err
configure:2382: $? = 0
configure:2385: test -s conftest.o
configure:2388: $? = 0
configure:2399: result: yes
configure:2416: checking for gcc option to accept ANSI C
configure:2486: gcc  -c -g -O2  conftest.c >&5
configure:2492: $? = 0
configure:2496: test -z 
			 || test ! -s conftest.err
configure:2499: $? = 0
configure:2502: test -s conftest.o
configure:2505: $? = 0
configure:2523: result: none needed
configure:2541: gcc -c -g -O2  conftest.c >&5
conftest.c:2: error: expected '=', ',', ';', 'asm' or '__attribute__' before 'me'
configure:2547: $? = 1
configure: failed program was:
| #ifndef __cplusplus
|   choke me
| #endif
configure:2691: checking for style of include used by make
configure:2719: result: GNU
configure:2747: checking dependency style of gcc
configure:2837: result: gcc3
configure:2861: checking how to run the C preprocessor
configure:2896: gcc -E  conftest.c
configure:2902: $? = 0
configure:2934: gcc -E  conftest.c
conftest.c:11:28: error: ac_nonexistent.h: No such file or directory
configure:2940: $? = 1
configure: failed program was:
| /* confdefs.h.  */
| 
| #define PACKAGE_NAME "btools"
| #define PACKAGE_TARNAME "btools"
| #define PACKAGE_VERSION "1.2.2"
| #define PACKAGE_STRING "btools 1.2.2"
| #define PACKAGE_BUGREPORT ""
| #define PACKAGE "btools"
| #define VERSION "1.2.2"
| /* end confdefs.h.  */
| #include <ac_nonexistent.h>
configure:2979: result: gcc -E
configure:3003: gcc -E  conftest.c
configure:3009: $? = 0
configure:3041: gcc -E  conftest.c
conftest.c:11:28: error: ac_nonexistent.h: No such file or directory
configure:3047: $? = 1
configure: failed program was:
| /* confdefs.h.  */
| 
| #define PACKAGE_NAME "btools"
| #define PACKAGE_TARNAME "btools"
| #define PACKAGE_VERSION "1.2.2"
| #define PACKAGE_STRING "btools 1.2.2"
| #define PACKAGE_BUGREPORT ""
| #define PACKAGE "btools"
| #define VERSION "1.2.2"
| /* end confdefs.h.  */
| #include <ac_nonexistent.h>
configure:3091: checking for egrep
configure:3101: result: grep -E
configure:3106: checking for ANSI C header files
configure:3131: gcc -c -g -O2 -Wall -Werror   conftest.c >&5
configure:3137: $? = 0
configure:3141: test -z 
			 || test ! -s conftest.err
configure:3144: $? = 0
configure:3147: test -s conftest.o
configure:3150: $? = 0
configure:3239: gcc -o conftest -g -O2 -Wall -Werror    conftest.c  >&5
cc1: warnings being treated as errors
conftest.c: In function 'main':
conftest.c:28: warning: implicit declaration of function 'exit'
conftest.c:28: warning: incompatible implicit declaration of built-in function 'exit'
configure:3242: $? = 1
configure: program exited with status 1
configure: failed program was:
| /* confdefs.h.  */
| 
| #define PACKAGE_NAME "btools"
| #define PACKAGE_TARNAME "btools"
| #define PACKAGE_VERSION "1.2.2"
| #define PACKAGE_STRING "btools 1.2.2"
| #define PACKAGE_BUGREPORT ""
| #define PACKAGE "btools"
| #define VERSION "1.2.2"
| /* end confdefs.h.  */
| #include <ctype.h>
| #if ((' ' & 0x0FF) == 0x020)
| # define ISLOWER(c) ('a' <= (c) && (c) <= 'z')
| # define TOUPPER(c) (ISLOWER(c) ? 'A' + ((c) - 'a') : (c))
| #else
| # define ISLOWER(c) 		   (('a' <= (c) && (c) <= 'i') 		     || ('j' <= (c) && (c) <= 'r') 		     || ('s' <= (c) && (c) <= 'z'))
| # define TOUPPER(c) (ISLOWER(c) ? ((c) | 0x40) : (c))
| #endif
| 
| #define XOR(e, f) (((e) && !(f)) || (!(e) && (f)))
| int
| main ()
| {
|   int i;
|   for (i = 0; i < 256; i++)
|     if (XOR (islower (i), ISLOWER (i))
| 	|| toupper (i) != TOUPPER (i))
|       exit(2);
|   exit (0);
| }
configure:3262: result: no
configure:3272: Checking for LSF ...
configure:3288: checking for sys/types.h
configure:3304: gcc -c -g -O2 -Wall -Werror   conftest.c >&5
configure:3310: $? = 0
configure:3314: test -z 
			 || test ! -s conftest.err
configure:3317: $? = 0
configure:3320: test -s conftest.o
configure:3323: $? = 0
configure:3334: result: yes
configure:3288: checking for sys/stat.h
configure:3304: gcc -c -g -O2 -Wall -Werror   conftest.c >&5
configure:3310: $? = 0
configure:3314: test -z 
			 || test ! -s conftest.err
configure:3317: $? = 0
configure:3320: test -s conftest.o
configure:3323: $? = 0
configure:3334: result: yes
configure:3288: checking for stdlib.h
configure:3304: gcc -c -g -O2 -Wall -Werror   conftest.c >&5
configure:3310: $? = 0
configure:3314: test -z 
			 || test ! -s conftest.err
configure:3317: $? = 0
configure:3320: test -s conftest.o
configure:3323: $? = 0
configure:3334: result: yes
configure:3288: checking for string.h
configure:3304: gcc -c -g -O2 -Wall -Werror   conftest.c >&5
configure:3310: $? = 0
configure:3314: test -z 
			 || test ! -s conftest.err
configure:3317: $? = 0
configure:3320: test -s conftest.o
configure:3323: $? = 0
configure:3334: result: yes
configure:3288: checking for memory.h
configure:3304: gcc -c -g -O2 -Wall -Werror   conftest.c >&5
configure:3310: $? = 0
configure:3314: test -z 
			 || test ! -s conftest.err
configure:3317: $? = 0
configure:3320: test -s conftest.o
configure:3323: $? = 0
configure:3334: result: yes
configure:3288: checking for strings.h
configure:3304: gcc -c -g -O2 -Wall -Werror   conftest.c >&5
configure:3310: $? = 0
configure:3314: test -z 
			 || test ! -s conftest.err
configure:3317: $? = 0
configure:3320: test -s conftest.o
configure:3323: $? = 0
configure:3334: result: yes
configure:3288: checking for inttypes.h
configure:3304: gcc -c -g -O2 -Wall -Werror   conftest.c >&5
configure:3310: $? = 0
configure:3314: test -z 
			 || test ! -s conftest.err
configure:3317: $? = 0
configure:3320: test -s conftest.o
configure:3323: $? = 0
configure:3334: result: yes
configure:3288: checking for stdint.h
configure:3304: gcc -c -g -O2 -Wall -Werror   conftest.c >&5
configure:3310: $? = 0
configure:3314: test -z 
			 || test ! -s conftest.err
configure:3317: $? = 0
configure:3320: test -s conftest.o
configure:3323: $? = 0
configure:3334: result: yes
configure:3288: checking for unistd.h
configure:3304: gcc -c -g -O2 -Wall -Werror   conftest.c >&5
configure:3310: $? = 0
configure:3314: test -z 
			 || test ! -s conftest.err
configure:3317: $? = 0
configure:3320: test -s conftest.o
configure:3323: $? = 0
configure:3334: result: yes
configure:3364: checking stdio.h usability
configure:3376: gcc -c -g -O2 -Wall -Werror   conftest.c >&5
configure:3382: $? = 0
configure:3386: test -z 
			 || test ! -s conftest.err
configure:3389: $? = 0
configure:3392: test -s conftest.o
configure:3395: $? = 0
configure:3405: result: yes
configure:3409: checking stdio.h presence
configure:3419: gcc -E  conftest.c
configure:3425: $? = 0
configure:3445: result: yes
configure:3480: checking for stdio.h
configure:3487: result: yes
configure:3355: checking for string.h
configure:3360: result: yes
configure:3364: checking time.h usability
configure:3376: gcc -c -g -O2 -Wall -Werror   conftest.c >&5
configure:3382: $? = 0
configure:3386: test -z 
			 || test ! -s conftest.err
configure:3389: $? = 0
configure:3392: test -s conftest.o
configure:3395: $? = 0
configure:3405: result: yes
configure:3409: checking time.h presence
configure:3419: gcc -E  conftest.c
configure:3425: $? = 0
configure:3445: result: yes
configure:3480: checking for time.h
configure:3487: result: yes
configure:3355: checking for stdlib.h
configure:3360: result: yes
configure:3364: checking lsf/lsbatch.h usability
configure:3376: gcc -c -g -O2 -Wall -Werror   conftest.c >&5
configure:3382: $? = 0
configure:3386: test -z 
			 || test ! -s conftest.err
configure:3389: $? = 0
configure:3392: test -s conftest.o
configure:3395: $? = 0
configure:3405: result: yes
configure:3409: checking lsf/lsbatch.h presence
configure:3419: gcc -E  conftest.c
configure:3425: $? = 0
configure:3445: result: yes
configure:3480: checking for lsf/lsbatch.h
configure:3487: result: yes
configure:3505: checking for lsf/lsbatch.h
configure:3510: result: yes
configure:3651: checking for bat in -llsf
configure:3681: gcc -o conftest -g -O2 -Wall -Werror    conftest.c -llsf   >&5
/tmp/uschwick/ccEsIPKo.o: In function `main':
/afs/cern.ch/user/u/uschwick/cvs-glite/lcg-info/org.glite.info.dynamic-scheduler-lsf/btools/conftest.c:37: undefined reference to `bat'
/usr/lib/gcc/x86_64-redhat-linux/4.1.2/../../../../lib64/liblsf.so: undefined reference to `yp_get_default_domain'
/usr/lib/gcc/x86_64-redhat-linux/4.1.2/../../../../lib64/liblsf.so: undefined reference to `yp_all'
/usr/lib/gcc/x86_64-redhat-linux/4.1.2/../../../../lib64/liblsf.so: undefined reference to `ypprot_err'
collect2: ld returned 1 exit status
configure:3687: $? = 1
configure: failed program was:
| /* confdefs.h.  */
| 
| #define PACKAGE_NAME "btools"
| #define PACKAGE_TARNAME "btools"
| #define PACKAGE_VERSION "1.2.2"
| #define PACKAGE_STRING "btools 1.2.2"
| #define PACKAGE_BUGREPORT ""
| #define PACKAGE "btools"
| #define VERSION "1.2.2"
| #define HAVE_SYS_TYPES_H 1
| #define HAVE_SYS_STAT_H 1
| #define HAVE_STDLIB_H 1
| #define HAVE_STRING_H 1
| #define HAVE_MEMORY_H 1
| #define HAVE_STRINGS_H 1
| #define HAVE_INTTYPES_H 1
| #define HAVE_STDINT_H 1
| #define HAVE_UNISTD_H 1
| #define HAVE_STDIO_H 1
| #define HAVE_STRING_H 1
| #define HAVE_TIME_H 1
| #define HAVE_STDLIB_H 1
| #define HAVE_LSF_LSBATCH_H 1
| #define HAVE_LSF_LSBATCH_H 1
| /* end confdefs.h.  */
| 
| /* Override any gcc2 internal prototype to avoid an error.  */
| #ifdef __cplusplus
| extern "C"
| #endif
| /* We use char because int might match the return type of a gcc2
|    builtin and then its argument prototype would still apply.  */
| char bat ();
| int
| main ()
| {
| bat ();
|   ;
|   return 0;
| }
configure:3713: result: no
configure:3726: checking for working alloca.h
configure:3747: gcc -o conftest -g -O2 -Wall -Werror    conftest.c  >&5
cc1: warnings being treated as errors
conftest.c: In function 'main':
conftest.c:30: warning: unused variable 'p'
configure:3753: $? = 1
configure: failed program was:
| /* confdefs.h.  */
| 
| #define PACKAGE_NAME "btools"
| #define PACKAGE_TARNAME "btools"
| #define PACKAGE_VERSION "1.2.2"
| #define PACKAGE_STRING "btools 1.2.2"
| #define PACKAGE_BUGREPORT ""
| #define PACKAGE "btools"
| #define VERSION "1.2.2"
| #define HAVE_SYS_TYPES_H 1
| #define HAVE_SYS_STAT_H 1
| #define HAVE_STDLIB_H 1
| #define HAVE_STRING_H 1
| #define HAVE_MEMORY_H 1
| #define HAVE_STRINGS_H 1
| #define HAVE_INTTYPES_H 1
| #define HAVE_STDINT_H 1
| #define HAVE_UNISTD_H 1
| #define HAVE_STDIO_H 1
| #define HAVE_STRING_H 1
| #define HAVE_TIME_H 1
| #define HAVE_STDLIB_H 1
| #define HAVE_LSF_LSBATCH_H 1
| #define HAVE_LSF_LSBATCH_H 1
| /* end confdefs.h.  */
| #include <alloca.h>
| int
| main ()
| {
| char *p = (char *) alloca (2 * sizeof (int));
|   ;
|   return 0;
| }
configure:3778: result: no
configure:3788: checking for alloca
configure:3829: gcc -o conftest -g -O2 -Wall -Werror    conftest.c  >&5
cc1: warnings being treated as errors
conftest.c: In function 'main':
conftest.c:50: warning: unused variable 'p'
configure:3835: $? = 1
configure: failed program was:
| /* confdefs.h.  */
| 
| #define PACKAGE_NAME "btools"
| #define PACKAGE_TARNAME "btools"
| #define PACKAGE_VERSION "1.2.2"
| #define PACKAGE_STRING "btools 1.2.2"
| #define PACKAGE_BUGREPORT ""
| #define PACKAGE "btools"
| #define VERSION "1.2.2"
| #define HAVE_SYS_TYPES_H 1
| #define HAVE_SYS_STAT_H 1
| #define HAVE_STDLIB_H 1
| #define HAVE_STRING_H 1
| #define HAVE_MEMORY_H 1
| #define HAVE_STRINGS_H 1
| #define HAVE_INTTYPES_H 1
| #define HAVE_STDINT_H 1
| #define HAVE_UNISTD_H 1
| #define HAVE_STDIO_H 1
| #define HAVE_STRING_H 1
| #define HAVE_TIME_H 1
| #define HAVE_STDLIB_H 1
| #define HAVE_LSF_LSBATCH_H 1
| #define HAVE_LSF_LSBATCH_H 1
| /* end confdefs.h.  */
| #ifdef __GNUC__
| # define alloca __builtin_alloca
| #else
| # ifdef _MSC_VER
| #  include <malloc.h>
| #  define alloca _alloca
| # else
| #  if HAVE_ALLOCA_H
| #   include <alloca.h>
| #  else
| #   ifdef _AIX
|  #pragma alloca
| #   else
| #    ifndef alloca /* predefined by HP cc +Olibcalls */
| char *alloca ();
| #    endif
| #   endif
| #  endif
| # endif
| #endif
| 
| int
| main ()
| {
| char *p = (char *) alloca (1);
|   ;
|   return 0;
| }
configure:3860: result: no
configure:3882: checking whether `alloca.c' needs Cray hooks
configure:3909: result: no
configure:4016: checking stack direction for C alloca
configure:4051: gcc -o conftest -g -O2 -Wall -Werror    conftest.c  >&5
cc1: warnings being treated as errors
conftest.c: In function 'main':
conftest.c:44: warning: implicit declaration of function 'exit'
conftest.c:44: warning: incompatible implicit declaration of built-in function 'exit'
configure:4054: $? = 1
configure: program exited with status 1
configure: failed program was:
| /* confdefs.h.  */
| 
| #define PACKAGE_NAME "btools"
| #define PACKAGE_TARNAME "btools"
| #define PACKAGE_VERSION "1.2.2"
| #define PACKAGE_STRING "btools 1.2.2"
| #define PACKAGE_BUGREPORT ""
| #define PACKAGE "btools"
| #define VERSION "1.2.2"
| #define HAVE_SYS_TYPES_H 1
| #define HAVE_SYS_STAT_H 1
| #define HAVE_STDLIB_H 1
| #define HAVE_STRING_H 1
| #define HAVE_MEMORY_H 1
| #define HAVE_STRINGS_H 1
| #define HAVE_INTTYPES_H 1
| #define HAVE_STDINT_H 1
| #define HAVE_UNISTD_H 1
| #define HAVE_STDIO_H 1
| #define HAVE_STRING_H 1
| #define HAVE_TIME_H 1
| #define HAVE_STDLIB_H 1
| #define HAVE_LSF_LSBATCH_H 1
| #define HAVE_LSF_LSBATCH_H 1
| #define C_ALLOCA 1
| /* end confdefs.h.  */
| int
| find_stack_direction ()
| {
|   static char *addr = 0;
|   auto char dummy;
|   if (addr == 0)
|     {
|       addr = &dummy;
|       return find_stack_direction ();
|     }
|   else
|     return (&dummy > addr) ? 1 : -1;
| }
| 
| int
| main ()
| {
|   exit (find_stack_direction () < 0);
| }
configure:4073: result: -1
configure:4086: checking for lsid
configure:4102: found /usr/bin/lsid
configure:4113: result: yes
configure:4236: creating ./config.status

## ---------------------- ##
## Running config.status. ##
## ---------------------- ##

This file was extended by btools config.status 1.2.2, which was
generated by GNU Autoconf 2.59.  Invocation command line was

  CONFIG_FILES    = 
  CONFIG_HEADERS  = 
  CONFIG_LINKS    = 
  CONFIG_COMMANDS = 
  $ ./config.status 

on lxadm11.cern.ch

config.status:694: creating ./Makefile
config.status:694: creating src/Makefile
config.status:694: creating doc/Makefile
config.status:694: creating conf/Makefile
config.status:798: creating include/config.h
config.status:916: include/config.h is unchanged
config.status:1096: executing depfiles commands

## ---------------- ##
## Cache variables. ##
## ---------------- ##

ac_cv_c_compiler_gnu=yes
ac_cv_c_stack_direction=-1
ac_cv_env_CC_set=
ac_cv_env_CC_value=
ac_cv_env_CFLAGS_set=
ac_cv_env_CFLAGS_value=
ac_cv_env_CPPFLAGS_set=
ac_cv_env_CPPFLAGS_value=
ac_cv_env_CPP_set=
ac_cv_env_CPP_value=
ac_cv_env_LDFLAGS_set=
ac_cv_env_LDFLAGS_value=
ac_cv_env_build_alias_set=
ac_cv_env_build_alias_value=
ac_cv_env_host_alias_set=
ac_cv_env_host_alias_value=
ac_cv_env_target_alias_set=
ac_cv_env_target_alias_value=
ac_cv_exeext=
ac_cv_func_alloca_works=no
ac_cv_header_inttypes_h=yes
ac_cv_header_lsf_lsbatch_h=yes
ac_cv_header_memory_h=yes
ac_cv_header_stdc=no
ac_cv_header_stdint_h=yes
ac_cv_header_stdio_h=yes
ac_cv_header_stdlib_h=yes
ac_cv_header_string_h=yes
ac_cv_header_strings_h=yes
ac_cv_header_sys_stat_h=yes
ac_cv_header_sys_types_h=yes
ac_cv_header_time_h=yes
ac_cv_header_unistd_h=yes
ac_cv_lib_lsf_bat=no
ac_cv_objext=o
ac_cv_os_cray=no
ac_cv_path_install='/usr/bin/install -c'
ac_cv_prog_AWK=gawk
ac_cv_prog_CPP='gcc -E'
ac_cv_prog_HAVE_LSID=yes
ac_cv_prog_ac_ct_CC=gcc
ac_cv_prog_cc_g=yes
ac_cv_prog_cc_stdc=
ac_cv_prog_egrep='grep -E'
ac_cv_prog_make_make_set=yes
ac_cv_working_alloca_h=no
am_cv_CC_dependencies_compiler_type=gcc3

## ----------------- ##
## Output variables. ##
## ----------------- ##

ACLOCAL='${SHELL} /afs/cern.ch/user/u/uschwick/cvs-glite/lcg-info/org.glite.info.dynamic-scheduler-lsf/missing --run aclocal-1.9'
ALLOCA='alloca.o'
AMDEPBACKSLASH='\'
AMDEP_FALSE='#'
AMDEP_TRUE=''
AMTAR='${SHELL} /afs/cern.ch/user/u/uschwick/cvs-glite/lcg-info/org.glite.info.dynamic-scheduler-lsf/missing --run tar'
AUTOCONF='${SHELL} /afs/cern.ch/user/u/uschwick/cvs-glite/lcg-info/org.glite.info.dynamic-scheduler-lsf/missing --run autoconf'
AUTOHEADER='${SHELL} /afs/cern.ch/user/u/uschwick/cvs-glite/lcg-info/org.glite.info.dynamic-scheduler-lsf/missing --run autoheader'
AUTOMAKE='${SHELL} /afs/cern.ch/user/u/uschwick/cvs-glite/lcg-info/org.glite.info.dynamic-scheduler-lsf/missing --run automake-1.9'
AWK='gawk'
CC='gcc'
CCDEPMODE='depmode=gcc3'
CFLAGS='-g -O2 -Wall -Werror '
CPP='gcc -E'
CPPFLAGS=''
CYGPATH_W='echo'
DEFS='-DHAVE_CONFIG_H'
DEPDIR='.deps'
ECHO_C=''
ECHO_N='-n'
ECHO_T=''
EGREP='grep -E'
EXEEXT=''
HAVE_LSID='yes'
INSTALL_DATA='${INSTALL} -m 644'
INSTALL_PROGRAM='${INSTALL}'
INSTALL_SCRIPT='${INSTALL}'
INSTALL_STRIP_PROGRAM='${SHELL} $(install_sh) -c -s'
LDFLAGS=''
LIBOBJS=''
LIBS=''
LTLIBOBJS=''
MAKEINFO='${SHELL} /afs/cern.ch/user/u/uschwick/cvs-glite/lcg-info/org.glite.info.dynamic-scheduler-lsf/missing --run makeinfo'
OBJEXT='o'
PACKAGE='btools'
PACKAGE_BUGREPORT=''
PACKAGE_NAME='btools'
PACKAGE_STRING='btools 1.2.2'
PACKAGE_TARNAME='btools'
PACKAGE_VERSION='1.2.2'
PATH_SEPARATOR=':'
SET_MAKE=''
SHELL='/bin/sh'
STRIP=''
VERSION='1.2.2'
ac_ct_CC='gcc'
ac_ct_STRIP=''
am__fastdepCC_FALSE='#'
am__fastdepCC_TRUE=''
am__include='include'
am__leading_dot='.'
am__quote=''
am__tar='${AMTAR} chof - "$$tardir"'
am__untar='${AMTAR} xf -'
bindir='${exec_prefix}/bin'
build_alias=''
datadir='${prefix}/share'
exec_prefix='${prefix}'
host_alias=''
includedir='${prefix}/include'
infodir='${prefix}/info'
install_sh='/afs/cern.ch/user/u/uschwick/cvs-glite/lcg-info/org.glite.info.dynamic-scheduler-lsf/install-sh'
libdir='${exec_prefix}/lib'
libexecdir='${exec_prefix}/libexec'
localstatedir='${prefix}/var'
mandir='${prefix}/man'
mkdir_p='mkdir -p --'
oldincludedir='/usr/include'
prefix='/usr/local'
program_transform_name='s,x,x,'
sbindir='${exec_prefix}/sbin'
sharedstatedir='${prefix}/com'
sysconfdir='${prefix}/etc'
target_alias=''

## ----------- ##
## confdefs.h. ##
## ----------- ##

#define C_ALLOCA 1
#define HAVE_INTTYPES_H 1
#define HAVE_LSF_LSBATCH_H 1
#define HAVE_LSF_LSBATCH_H 1
#define HAVE_MEMORY_H 1
#define HAVE_STDINT_H 1
#define HAVE_STDIO_H 1
#define HAVE_STDLIB_H 1
#define HAVE_STDLIB_H 1
#define HAVE_STRINGS_H 1
#define HAVE_STRING_H 1
#define HAVE_STRING_H 1
#define HAVE_SYS_STAT_H 1
#define HAVE_SYS_TYPES_H 1
#define HAVE_TIME_H 1
#define HAVE_UNISTD_H 1
#define PACKAGE "btools"
#define PACKAGE_BUGREPORT ""
#define PACKAGE_NAME "btools"
#define PACKAGE_STRING "btools 1.2.2"
#define PACKAGE_TARNAME "btools"
#define PACKAGE_VERSION "1.2.2"
#define STACK_DIRECTION -1
#define VERSION "1.2.2"

configure: exit 0
